{"F:\\Learn\\WebDevelop\\Exercises\\Testing\\Calculator.js": {"path":"F:\\Learn\\WebDevelop\\Exercises\\Testing\\Calculator.js","statementMap":{"0":{"start":{"line":7,"column":4},"end":{"line":7,"column":17}},"1":{"start":{"line":11,"column":4},"end":{"line":11,"column":17}},"2":{"start":{"line":15,"column":4},"end":{"line":15,"column":17}},"3":{"start":{"line":19,"column":4},"end":{"line":19,"column":15}},"4":{"start":{"line":23,"column":0},"end":{"line":23,"column":28}}},"fnMap":{"0":{"name":"(anonymous_0)","decl":{"start":{"line":2,"column":2},"end":{"line":2,"column":3}},"loc":{"start":{"line":2,"column":16},"end":{"line":4,"column":3}},"line":2},"1":{"name":"(anonymous_1)","decl":{"start":{"line":6,"column":2},"end":{"line":6,"column":3}},"loc":{"start":{"line":6,"column":12},"end":{"line":8,"column":3}},"line":6},"2":{"name":"(anonymous_2)","decl":{"start":{"line":10,"column":2},"end":{"line":10,"column":3}},"loc":{"start":{"line":10,"column":17},"end":{"line":12,"column":3}},"line":10},"3":{"name":"(anonymous_3)","decl":{"start":{"line":14,"column":2},"end":{"line":14,"column":3}},"loc":{"start":{"line":14,"column":17},"end":{"line":16,"column":3}},"line":14},"4":{"name":"(anonymous_4)","decl":{"start":{"line":18,"column":2},"end":{"line":18,"column":3}},"loc":{"start":{"line":18,"column":15},"end":{"line":20,"column":3}},"line":18}},"branchMap":{},"s":{"0":5,"1":3,"2":0,"3":0,"4":1},"f":{"0":1,"1":5,"2":3,"3":0,"4":0},"b":{},"_coverageSchema":"1a1c01bbd47fc00a2c39e90264f33305004495a9","hash":"2abfc83c97ad09d6e50dcd64a2a00214baf7d317"}
,"F:\\Learn\\WebDevelop\\Exercises\\Testing\\capitalize.js": {"path":"F:\\Learn\\WebDevelop\\Exercises\\Testing\\capitalize.js","statementMap":{"0":{"start":{"line":2,"column":13},"end":{"line":2,"column":16}},"1":{"start":{"line":3,"column":10},"end":{"line":3,"column":23}},"2":{"start":{"line":4,"column":2},"end":{"line":4,"column":36}},"3":{"start":{"line":5,"column":2},"end":{"line":5,"column":22}},"4":{"start":{"line":6,"column":2},"end":{"line":6,"column":18}},"5":{"start":{"line":9,"column":0},"end":{"line":9,"column":28}}},"fnMap":{"0":{"name":"capitalize","decl":{"start":{"line":1,"column":9},"end":{"line":1,"column":19}},"loc":{"start":{"line":1,"column":25},"end":{"line":7,"column":1}},"line":1}},"branchMap":{},"s":{"0":1,"1":1,"2":1,"3":1,"4":1,"5":1},"f":{"0":1},"b":{},"_coverageSchema":"1a1c01bbd47fc00a2c39e90264f33305004495a9","hash":"8a2532c57728f554eeb00db19e2e25896dc45ceb"}
,"F:\\Learn\\WebDevelop\\Exercises\\Testing\\index.js": {"path":"F:\\Learn\\WebDevelop\\Exercises\\Testing\\index.js","statementMap":{"0":{"start":{"line":2,"column":12},"end":{"line":2,"column":22}},"1":{"start":{"line":3,"column":2},"end":{"line":7,"column":3}},"2":{"start":{"line":4,"column":4},"end":{"line":4,"column":13}},"3":{"start":{"line":6,"column":4},"end":{"line":6,"column":45}},"4":{"start":{"line":11,"column":15},"end":{"line":11,"column":17}},"5":{"start":{"line":12,"column":2},"end":{"line":14,"column":3}},"6":{"start":{"line":12,"column":13},"end":{"line":12,"column":14}},"7":{"start":{"line":13,"column":4},"end":{"line":13,"column":29}},"8":{"start":{"line":15,"column":15},"end":{"line":15,"column":17}},"9":{"start":{"line":16,"column":2},"end":{"line":18,"column":3}},"10":{"start":{"line":16,"column":14},"end":{"line":16,"column":27}},"11":{"start":{"line":17,"column":4},"end":{"line":17,"column":23}},"12":{"start":{"line":19,"column":2},"end":{"line":19,"column":16}},"13":{"start":{"line":22,"column":0},"end":{"line":22,"column":47}}},"fnMap":{"0":{"name":"stringLength","decl":{"start":{"line":1,"column":9},"end":{"line":1,"column":21}},"loc":{"start":{"line":1,"column":27},"end":{"line":8,"column":1}},"line":1},"1":{"name":"reverseString","decl":{"start":{"line":10,"column":9},"end":{"line":10,"column":22}},"loc":{"start":{"line":10,"column":28},"end":{"line":20,"column":1}},"line":10}},"branchMap":{"0":{"loc":{"start":{"line":3,"column":2},"end":{"line":7,"column":3}},"type":"if","locations":[{"start":{"line":3,"column":2},"end":{"line":7,"column":3}},{"start":{"line":5,"column":9},"end":{"line":7,"column":3}}],"line":3},"1":{"loc":{"start":{"line":3,"column":5},"end":{"line":3,"column":17}},"type":"binary-expr","locations":[{"start":{"line":3,"column":5},"end":{"line":3,"column":8}},{"start":{"line":3,"column":12},"end":{"line":3,"column":17}}],"line":3}},"s":{"0":3,"1":3,"2":1,"3":2,"4":1,"5":1,"6":1,"7":5,"8":1,"9":1,"10":1,"11":5,"12":1,"13":1},"f":{"0":3,"1":1},"b":{"0":[1,2],"1":[3,2]},"_coverageSchema":"1a1c01bbd47fc00a2c39e90264f33305004495a9","hash":"3f42b1a871ecc72fbfdd64da579f73ded0378746"}
}
