TN:
SF:Calculator.js
FN:2,(anonymous_0)
FN:6,(anonymous_1)
FN:10,(anonymous_2)
FN:14,(anonymous_3)
FN:18,(anonymous_4)
FNF:5
FNH:3
FNDA:1,(anonymous_0)
FNDA:5,(anonymous_1)
FNDA:3,(anonymous_2)
FNDA:0,(anonymous_3)
FNDA:0,(anonymous_4)
DA:7,5
DA:11,3
DA:15,0
DA:19,0
DA:23,1
LF:5
LH:3
BRF:0
BRH:0
end_of_record
TN:
SF:capitalize.js
FN:1,capitalize
FNF:1
FNH:1
FNDA:1,capitalize
DA:2,1
DA:3,1
DA:4,1
DA:5,1
DA:6,1
DA:9,1
LF:6
LH:6
BRF:0
BRH:0
end_of_record
TN:
SF:index.js
FN:1,stringLength
FN:10,reverseString
FNF:2
FNH:2
FNDA:3,stringLength
FNDA:1,reverseString
DA:2,3
DA:3,3
DA:4,1
DA:6,2
DA:11,1
DA:12,1
DA:13,5
DA:15,1
DA:16,1
DA:17,5
DA:19,1
DA:22,1
LF:12
LH:12
BRDA:3,0,0,1
BRDA:3,0,1,2
BRDA:3,1,0,3
BRDA:3,1,1,2
BRF:4
BRH:4
end_of_record
